<?xml version="1.0" encoding="UTF-8"?>
<!-- Generated by org.testng.reporters.JUnitReportReporter -->
<testsuite skipped="0" hostname="DESKTOP-15THD46" name="com.inetBanking.testCases.TC_AddCustomerTest_003" tests="1" failures="0" timestamp="02 Apr 2020 13:03:47 GMT" time="18.135" errors="0">
  <testcase name="addNewCustomer" time="18.135" classname="com.inetBanking.testCases.TC_AddCustomerTest_003"/>
</testsuite> <!-- com.inetBanking.testCases.TC_AddCustomerTest_003 -->
