<?xml version="1.0" encoding="UTF-8"?>
<!-- Generated by org.testng.reporters.JUnitReportReporter -->
<testsuite skipped="0" hostname="DESKTOP-15THD46" name="com.inetBanking.testCases.TC_AddCustomerTest_003" tests="1" failures="0" timestamp="04 Apr 2020 17:42:54 GMT" time="22.210" errors="0">
  <testcase name="addNewCustomer" time="22.210" classname="com.inetBanking.testCases.TC_AddCustomerTest_003"/>
</testsuite> <!-- com.inetBanking.testCases.TC_AddCustomerTest_003 -->
