<?xml version="1.0" encoding="UTF-8"?>
<!-- Generated by org.testng.reporters.JUnitReportReporter -->
<testsuite skipped="0" hostname="DESKTOP-15THD46" name="com.inetBanking.testCases.TC_LoginTest_001" tests="1" failures="0" timestamp="04 Apr 2020 17:42:54 GMT" time="15.846" errors="0">
  <testcase name="loginTest" time="15.846" classname="com.inetBanking.testCases.TC_LoginTest_001"/>
</testsuite> <!-- com.inetBanking.testCases.TC_LoginTest_001 -->
